nohup: ignoring input
2021-05-27 21:42:51,319   INFO  **********************Start logging**********************
2021-05-27 21:42:51,320   INFO  CUDA_VISIBLE_DEVICES=8,9,10,11,12,13,14,15
2021-05-27 21:42:51,320   INFO  total_batch_size: 16
2021-05-27 21:42:51,320   INFO  cfg_file         cfgs/kitti_models/HOS.yaml
2021-05-27 21:42:51,320   INFO  batch_size       2
2021-05-27 21:42:51,320   INFO  epochs           100
2021-05-27 21:42:51,320   INFO  workers          8
2021-05-27 21:42:51,320   INFO  extra_tag        default
2021-05-27 21:42:51,320   INFO  ckpt             None
2021-05-27 21:42:51,321   INFO  pretrained_model None
2021-05-27 21:42:51,321   INFO  launcher         pytorch
2021-05-27 21:42:51,321   INFO  tcp_port         18888
2021-05-27 21:42:51,321   INFO  sync_bn          False
2021-05-27 21:42:51,321   INFO  fix_random_seed  False
2021-05-27 21:42:51,321   INFO  ckpt_save_interval 1
2021-05-27 21:42:51,321   INFO  local_rank       0
2021-05-27 21:42:51,321   INFO  max_ckpt_save_num 30
2021-05-27 21:42:51,321   INFO  merge_all_iters_to_one_epoch False
2021-05-27 21:42:51,322   INFO  set_cfgs         None
2021-05-27 21:42:51,322   INFO  max_waiting_mins 0
2021-05-27 21:42:51,322   INFO  start_epoch      0
2021-05-27 21:42:51,322   INFO  save_to_file     False
2021-05-27 21:42:51,322   INFO  cfg.ROOT_DIR: /data2/mtang/project/OpenPCDet
2021-05-27 21:42:51,322   INFO  cfg.LOCAL_RANK: 0
2021-05-27 21:42:51,322   INFO  cfg.CLASS_NAMES: ['Car', 'Pedestrian', 'Cyclist']
2021-05-27 21:42:51,322   INFO  
cfg.DATA_CONFIG = edict()
2021-05-27 21:42:51,323   INFO  cfg.DATA_CONFIG.DATASET: KittiDataset
2021-05-27 21:42:51,323   INFO  cfg.DATA_CONFIG.DATA_PATH: ../data/kitti
2021-05-27 21:42:51,323   INFO  cfg.DATA_CONFIG.POINT_CLOUD_RANGE: [0, -40, -3, 70.4, 40, 1]
2021-05-27 21:42:51,323   INFO  
cfg.DATA_CONFIG.DATA_SPLIT = edict()
2021-05-27 21:42:51,323   INFO  cfg.DATA_CONFIG.DATA_SPLIT.train: train
2021-05-27 21:42:51,323   INFO  cfg.DATA_CONFIG.DATA_SPLIT.test: val
2021-05-27 21:42:51,323   INFO  
cfg.DATA_CONFIG.INFO_PATH = edict()
2021-05-27 21:42:51,345   INFO  cfg.DATA_CONFIG.INFO_PATH.train: ['kitti_infos_train.pkl']
2021-05-27 21:42:51,346   INFO  cfg.DATA_CONFIG.INFO_PATH.test: ['kitti_infos_val.pkl']
2021-05-27 21:42:51,346   INFO  cfg.DATA_CONFIG.FOV_POINTS_ONLY: True
2021-05-27 21:42:51,346   INFO  
cfg.DATA_CONFIG.DATA_AUGMENTOR = edict()
2021-05-27 21:42:51,346   INFO  cfg.DATA_CONFIG.DATA_AUGMENTOR.DISABLE_AUG_LIST: ['placeholder']
2021-05-27 21:42:51,346   INFO  cfg.DATA_CONFIG.DATA_AUGMENTOR.AUG_CONFIG_LIST: [{'NAME': 'gt_sampling', 'USE_ROAD_PLANE': True, 'DB_INFO_PATH': ['kitti_dbinfos_train.pkl'], 'PREPARE': {'filter_by_min_points': ['Car:5', 'Pedestrian:5', 'Cyclist:5'], 'filter_by_difficulty': [-1]}, 'SAMPLE_GROUPS': ['Car:20', 'Pedestrian:15', 'Cyclist:15'], 'NUM_POINT_FEATURES': 4, 'DATABASE_WITH_FAKELIDAR': False, 'REMOVE_EXTRA_WIDTH': [0.0, 0.0, 0.0], 'LIMIT_WHOLE_SCENE': True}, {'NAME': 'random_world_flip', 'ALONG_AXIS_LIST': ['x']}, {'NAME': 'random_world_rotation', 'WORLD_ROT_ANGLE': [-0.78539816, 0.78539816]}, {'NAME': 'random_world_scaling', 'WORLD_SCALE_RANGE': [0.95, 1.05]}]
2021-05-27 21:42:51,347   INFO  
cfg.DATA_CONFIG.POINT_FEATURE_ENCODING = edict()
2021-05-27 21:42:51,347   INFO  cfg.DATA_CONFIG.POINT_FEATURE_ENCODING.encoding_type: absolute_coordinates_encoding
2021-05-27 21:42:51,347   INFO  cfg.DATA_CONFIG.POINT_FEATURE_ENCODING.used_feature_list: ['x', 'y', 'z', 'intensity']
2021-05-27 21:42:51,347   INFO  cfg.DATA_CONFIG.POINT_FEATURE_ENCODING.src_feature_list: ['x', 'y', 'z', 'intensity']
2021-05-27 21:42:51,347   INFO  cfg.DATA_CONFIG.DATA_PROCESSOR: [{'NAME': 'mask_points_and_boxes_outside_range', 'REMOVE_OUTSIDE_BOXES': True}, {'NAME': 'shuffle_points', 'SHUFFLE_ENABLED': {'train': True, 'test': False}}, {'NAME': 'transform_points_to_voxels', 'VOXEL_SIZE': [0.025, 0.025, 0.05], 'MAX_POINTS_PER_VOXEL': 5, 'MAX_NUMBER_OF_VOXELS': {'train': 16000, 'test': 40000}}]
2021-05-27 21:42:51,347   INFO  cfg.DATA_CONFIG._BASE_CONFIG_: cfgs/dataset_configs/kitti_dataset_HOS.yaml
2021-05-27 21:42:51,348   INFO  
cfg.MODEL = edict()
2021-05-27 21:42:51,348   INFO  cfg.MODEL.NAME: HOSNet
2021-05-27 21:42:51,348   INFO  
cfg.MODEL.VFE = edict()
2021-05-27 21:42:51,348   INFO  cfg.MODEL.VFE.NAME: MeanVFE
2021-05-27 21:42:51,348   INFO  
cfg.MODEL.BACKBONE_3D = edict()
2021-05-27 21:42:51,348   INFO  cfg.MODEL.BACKBONE_3D.NAME: VoxelBackBone8x
2021-05-27 21:42:51,348   INFO  
cfg.MODEL.MAP_TO_BEV = edict()
2021-05-27 21:42:51,349   INFO  cfg.MODEL.MAP_TO_BEV.NAME: HeightCompression
2021-05-27 21:42:51,349   INFO  cfg.MODEL.MAP_TO_BEV.NUM_BEV_FEATURES: 512
2021-05-27 21:42:51,349   INFO  
cfg.MODEL.BACKBONE_2D = edict()
2021-05-27 21:42:51,349   INFO  cfg.MODEL.BACKBONE_2D.NAME: BaseBEVBackbone
2021-05-27 21:42:51,349   INFO  cfg.MODEL.BACKBONE_2D.LAYER_NUMS: [5, 5]
2021-05-27 21:42:51,349   INFO  cfg.MODEL.BACKBONE_2D.LAYER_STRIDES: [1, 2]
2021-05-27 21:42:51,349   INFO  cfg.MODEL.BACKBONE_2D.NUM_FILTERS: [128, 256]
2021-05-27 21:42:51,349   INFO  cfg.MODEL.BACKBONE_2D.UPSAMPLE_STRIDES: [1, 2]
2021-05-27 21:42:51,350   INFO  cfg.MODEL.BACKBONE_2D.NUM_UPSAMPLE_FILTERS: [256, 256]
2021-05-27 21:42:51,350   INFO  
cfg.MODEL.DENSE_HEAD = edict()
2021-05-27 21:42:51,350   INFO  cfg.MODEL.DENSE_HEAD.NAME: HOSHead
2021-05-27 21:42:51,350   INFO  cfg.MODEL.DENSE_HEAD.CLASS_AGNOSTIC: False
2021-05-27 21:42:51,350   INFO  cfg.MODEL.DENSE_HEAD.CLASS_NAMES_EACH_HEAD: [['Car'], ['Pedestrian'], ['Cyclist']]
2021-05-27 21:42:51,361   INFO  
cfg.MODEL.DENSE_HEAD.TARGET_ASSIGNER_CONFIG = edict()
2021-05-27 21:42:51,361   INFO  cfg.MODEL.DENSE_HEAD.TARGET_ASSIGNER_CONFIG.BOX_CODER: HOSResidualCoder
2021-05-27 21:42:51,361   INFO  
cfg.MODEL.DENSE_HEAD.TARGET_ASSIGNER_CONFIG.BOX_CODER_CONFIG = edict()
2021-05-27 21:42:51,362   INFO  cfg.MODEL.DENSE_HEAD.TARGET_ASSIGNER_CONFIG.BOX_CODER_CONFIG.code_size: 8
2021-05-27 21:42:51,362   INFO  cfg.MODEL.DENSE_HEAD.TARGET_ASSIGNER_CONFIG.FEATURE_MAP_STRIDE: 8
2021-05-27 21:42:51,362   INFO  cfg.MODEL.DENSE_HEAD.TARGET_ASSIGNER_CONFIG.NUM_MAX_OBJS: 256
2021-05-27 21:42:51,362   INFO  cfg.MODEL.DENSE_HEAD.TARGET_ASSIGNER_CONFIG.QUADRANT: 4
2021-05-27 21:42:51,362   INFO  
cfg.MODEL.DENSE_HEAD.LOSS_CONFIG = edict()
2021-05-27 21:42:51,362   INFO  
cfg.MODEL.DENSE_HEAD.LOSS_CONFIG.LOSS_WEIGHTS = edict()
2021-05-27 21:42:51,362   INFO  cfg.MODEL.DENSE_HEAD.LOSS_CONFIG.LOSS_WEIGHTS.cls_weight: 1.0
2021-05-27 21:42:51,362   INFO  cfg.MODEL.DENSE_HEAD.LOSS_CONFIG.LOSS_WEIGHTS.loc_weight: 1.0
2021-05-27 21:42:51,363   INFO  cfg.MODEL.DENSE_HEAD.LOSS_CONFIG.LOSS_WEIGHTS.spa_weight: 1.0
2021-05-27 21:42:51,363   INFO  cfg.MODEL.DENSE_HEAD.LOSS_CONFIG.LOSS_WEIGHTS.code_weights: [1.0, 1.0, 1.0, 1.0, 1.0, 1.0, 1.0, 1.0]
2021-05-27 21:42:51,363   INFO  
cfg.MODEL.DENSE_HEAD.POST_PROCESSING = edict()
2021-05-27 21:42:51,363   INFO  cfg.MODEL.DENSE_HEAD.POST_PROCESSING.SCORE_THRESH: 0.3
2021-05-27 21:42:51,363   INFO  cfg.MODEL.DENSE_HEAD.POST_PROCESSING.MAX_OBJ_PER_SAMPLE: 120
2021-05-27 21:42:51,363   INFO  
cfg.MODEL.DENSE_HEAD.POST_PROCESSING.NMS_CONFIG = edict()
2021-05-27 21:42:51,363   INFO  cfg.MODEL.DENSE_HEAD.POST_PROCESSING.NMS_CONFIG.NMS_TYPE: nms_gpu
2021-05-27 21:42:51,364   INFO  cfg.MODEL.DENSE_HEAD.POST_PROCESSING.NMS_CONFIG.NMS_THRESH: 0.01
2021-05-27 21:42:51,364   INFO  
cfg.MODEL.POST_PROCESSING = edict()
2021-05-27 21:42:51,364   INFO  cfg.MODEL.POST_PROCESSING.RECALL_THRESH_LIST: [0.3, 0.5, 0.7]
2021-05-27 21:42:51,364   INFO  cfg.MODEL.POST_PROCESSING.SCORE_THRESH: 0.3
2021-05-27 21:42:51,364   INFO  cfg.MODEL.POST_PROCESSING.OUTPUT_RAW_SCORE: False
2021-05-27 21:42:51,364   INFO  cfg.MODEL.POST_PROCESSING.EVAL_METRIC: kitti
2021-05-27 21:42:51,364   INFO  
cfg.MODEL.POST_PROCESSING.NMS_CONFIG = edict()
2021-05-27 21:42:51,365   INFO  cfg.MODEL.POST_PROCESSING.NMS_CONFIG.MULTI_CLASSES_NMS: False
2021-05-27 21:42:51,365   INFO  cfg.MODEL.POST_PROCESSING.NMS_CONFIG.NMS_TYPE: nms_gpu
2021-05-27 21:42:51,365   INFO  cfg.MODEL.POST_PROCESSING.NMS_CONFIG.NMS_THRESH: 0.01
2021-05-27 21:42:51,365   INFO  cfg.MODEL.POST_PROCESSING.NMS_CONFIG.NMS_PRE_MAXSIZE: 4096
2021-05-27 21:42:51,365   INFO  cfg.MODEL.POST_PROCESSING.NMS_CONFIG.NMS_POST_MAXSIZE: 500
2021-05-27 21:42:51,365   INFO  
cfg.OPTIMIZATION = edict()
2021-05-27 21:42:51,365   INFO  cfg.OPTIMIZATION.BATCH_SIZE_PER_GPU: 2
2021-05-27 21:42:51,366   INFO  cfg.OPTIMIZATION.NUM_EPOCHS: 100
2021-05-27 21:42:51,366   INFO  cfg.OPTIMIZATION.OPTIMIZER: adam_onecycle
2021-05-27 21:42:51,366   INFO  cfg.OPTIMIZATION.LR: 0.003
2021-05-27 21:42:51,366   INFO  cfg.OPTIMIZATION.WEIGHT_DECAY: 0.01
2021-05-27 21:42:51,366   INFO  cfg.OPTIMIZATION.MOMENTUM: 0.9
2021-05-27 21:42:51,366   INFO  cfg.OPTIMIZATION.MOMS: [0.95, 0.85]
2021-05-27 21:42:51,366   INFO  cfg.OPTIMIZATION.PCT_START: 0.4
2021-05-27 21:42:51,367   INFO  cfg.OPTIMIZATION.DIV_FACTOR: 10
2021-05-27 21:42:51,367   INFO  cfg.OPTIMIZATION.DECAY_STEP_LIST: [35, 45]
2021-05-27 21:42:51,367   INFO  cfg.OPTIMIZATION.LR_DECAY: 0.1
2021-05-27 21:42:51,367   INFO  cfg.OPTIMIZATION.LR_CLIP: 1e-07
2021-05-27 21:42:51,367   INFO  cfg.OPTIMIZATION.LR_WARMUP: False
2021-05-27 21:42:51,367   INFO  cfg.OPTIMIZATION.WARMUP_EPOCH: 1
2021-05-27 21:42:51,367   INFO  cfg.OPTIMIZATION.GRAD_NORM_CLIP: 10
2021-05-27 21:42:51,367   INFO  cfg.TAG: HOS
2021-05-27 21:42:51,368   INFO  cfg.EXP_GROUP_PATH: kitti_models
2021-05-27 21:42:51,736   INFO  Database filter by min points Car: 14357 => 13532
2021-05-27 21:42:51,737   INFO  Database filter by min points Pedestrian: 2207 => 2168
2021-05-27 21:42:51,738   INFO  Database filter by min points Cyclist: 734 => 705
2021-05-27 21:42:51,793   INFO  Database filter by difficulty Car: 13532 => 10759
2021-05-27 21:42:51,802   INFO  Database filter by difficulty Pedestrian: 2168 => 2075
2021-05-27 21:42:51,805   INFO  Database filter by difficulty Cyclist: 705 => 581
2021-05-27 21:42:52,666   INFO  Loading KITTI dataset
2021-05-27 21:42:52,962   INFO  Total samples for KITTI dataset: 3712
2021-05-27 21:43:07,478   INFO  DistributedDataParallel(
  (module): HOSNet(
    (vfe): MeanVFE()
    (backbone_3d): VoxelBackBone8x(
      (conv_input): SparseSequential(
        (0): SubMConv3d()
        (1): BatchNorm1d(16, eps=0.001, momentum=0.01, affine=True, track_running_stats=True)
        (2): ReLU()
      )
      (conv1): SparseSequential(
        (0): SparseSequential(
          (0): SubMConv3d()
          (1): BatchNorm1d(16, eps=0.001, momentum=0.01, affine=True, track_running_stats=True)
          (2): ReLU()
        )
      )
      (conv2): SparseSequential(
        (0): SparseSequential(
          (0): SparseConv3d()
          (1): BatchNorm1d(32, eps=0.001, momentum=0.01, affine=True, track_running_stats=True)
          (2): ReLU()
        )
        (1): SparseSequential(
          (0): SubMConv3d()
          (1): BatchNorm1d(32, eps=0.001, momentum=0.01, affine=True, track_running_stats=True)
          (2): ReLU()
        )
        (2): SparseSequential(
          (0): SubMConv3d()
          (1): BatchNorm1d(32, eps=0.001, momentum=0.01, affine=True, track_running_stats=True)
          (2): ReLU()
        )
      )
      (conv3): SparseSequential(
        (0): SparseSequential(
          (0): SparseConv3d()
          (1): BatchNorm1d(64, eps=0.001, momentum=0.01, affine=True, track_running_stats=True)
          (2): ReLU()
        )
        (1): SparseSequential(
          (0): SubMConv3d()
          (1): BatchNorm1d(64, eps=0.001, momentum=0.01, affine=True, track_running_stats=True)
          (2): ReLU()
        )
        (2): SparseSequential(
          (0): SubMConv3d()
          (1): BatchNorm1d(64, eps=0.001, momentum=0.01, affine=True, track_running_stats=True)
          (2): ReLU()
        )
      )
      (conv4): SparseSequential(
        (0): SparseSequential(
          (0): SparseConv3d()
          (1): BatchNorm1d(64, eps=0.001, momentum=0.01, affine=True, track_running_stats=True)
          (2): ReLU()
        )
        (1): SparseSequential(
          (0): SubMConv3d()
          (1): BatchNorm1d(64, eps=0.001, momentum=0.01, affine=True, track_running_stats=True)
          (2): ReLU()
        )
        (2): SparseSequential(
          (0): SubMConv3d()
          (1): BatchNorm1d(64, eps=0.001, momentum=0.01, affine=True, track_running_stats=True)
          (2): ReLU()
        )
      )
      (conv_out): SparseSequential(
        (0): SparseConv3d()
        (1): BatchNorm1d(128, eps=0.001, momentum=0.01, affine=True, track_running_stats=True)
        (2): ReLU()
      )
    )
    (map_to_bev_module): HeightCompression()
    (pfe): None
    (backbone_2d): BaseBEVBackbone(
      (blocks): ModuleList(
        (0): Sequential(
          (0): ZeroPad2d(padding=(1, 1, 1, 1), value=0.0)
          (1): Conv2d(512, 128, kernel_size=(3, 3), stride=(1, 1), bias=False)
          (2): BatchNorm2d(128, eps=0.001, momentum=0.01, affine=True, track_running_stats=True)
          (3): ReLU()
          (4): Conv2d(128, 128, kernel_size=(3, 3), stride=(1, 1), padding=(1, 1), bias=False)
          (5): BatchNorm2d(128, eps=0.001, momentum=0.01, affine=True, track_running_stats=True)
          (6): ReLU()
          (7): Conv2d(128, 128, kernel_size=(3, 3), stride=(1, 1), padding=(1, 1), bias=False)
          (8): BatchNorm2d(128, eps=0.001, momentum=0.01, affine=True, track_running_stats=True)
          (9): ReLU()
          (10): Conv2d(128, 128, kernel_size=(3, 3), stride=(1, 1), padding=(1, 1), bias=False)
          (11): BatchNorm2d(128, eps=0.001, momentum=0.01, affine=True, track_running_stats=True)
          (12): ReLU()
          (13): Conv2d(128, 128, kernel_size=(3, 3), stride=(1, 1), padding=(1, 1), bias=False)
          (14): BatchNorm2d(128, eps=0.001, momentum=0.01, affine=True, track_running_stats=True)
          (15): ReLU()
          (16): Conv2d(128, 128, kernel_size=(3, 3), stride=(1, 1), padding=(1, 1), bias=False)
          (17): BatchNorm2d(128, eps=0.001, momentum=0.01, affine=True, track_running_stats=True)
          (18): ReLU()
        )
        (1): Sequential(
          (0): ZeroPad2d(padding=(1, 1, 1, 1), value=0.0)
          (1): Conv2d(128, 256, kernel_size=(3, 3), stride=(2, 2), bias=False)
          (2): BatchNorm2d(256, eps=0.001, momentum=0.01, affine=True, track_running_stats=True)
          (3): ReLU()
          (4): Conv2d(256, 256, kernel_size=(3, 3), stride=(1, 1), padding=(1, 1), bias=False)
          (5): BatchNorm2d(256, eps=0.001, momentum=0.01, affine=True, track_running_stats=True)
          (6): ReLU()
          (7): Conv2d(256, 256, kernel_size=(3, 3), stride=(1, 1), padding=(1, 1), bias=False)
          (8): BatchNorm2d(256, eps=0.001, momentum=0.01, affine=True, track_running_stats=True)
          (9): ReLU()
          (10): Conv2d(256, 256, kernel_size=(3, 3), stride=(1, 1), padding=(1, 1), bias=False)
          (11): BatchNorm2d(256, eps=0.001, momentum=0.01, affine=True, track_running_stats=True)
          (12): ReLU()
          (13): Conv2d(256, 256, kernel_size=(3, 3), stride=(1, 1), padding=(1, 1), bias=False)
          (14): BatchNorm2d(256, eps=0.001, momentum=0.01, affine=True, track_running_stats=True)
          (15): ReLU()
          (16): Conv2d(256, 256, kernel_size=(3, 3), stride=(1, 1), padding=(1, 1), bias=False)
          (17): BatchNorm2d(256, eps=0.001, momentum=0.01, affine=True, track_running_stats=True)
          (18): ReLU()
        )
      )
      (deblocks): ModuleList(
        (0): Sequential(
          (0): ConvTranspose2d(128, 256, kernel_size=(1, 1), stride=(1, 1), bias=False)
          (1): BatchNorm2d(256, eps=0.001, momentum=0.01, affine=True, track_running_stats=True)
          (2): ReLU()
        )
        (1): Sequential(
          (0): ConvTranspose2d(256, 256, kernel_size=(2, 2), stride=(2, 2), bias=False)
          (1): BatchNorm2d(256, eps=0.001, momentum=0.01, affine=True, track_running_stats=True)
          (2): ReLU()
        )
      )
    )
    (dense_head): HOSHead(
      (cls_loss_func): BinaryFocalClassificationLoss()
      (conv_shared): Conv2d(512, 512, kernel_size=(3, 3), stride=(1, 1), padding=(1, 1))
      (conv_cls): Conv2d(512, 3, kernel_size=(3, 3), stride=(1, 1), padding=(1, 1))
      (conv_box): Conv2d(512, 8, kernel_size=(1, 1), stride=(1, 1))
      (conv_spa): Sequential(
        (0): Conv2d(512, 4, kernel_size=(1, 1), stride=(1, 1))
        (1): Softmax()
      )
    )
    (point_head): None
    (roi_head): None
  )
)
2021-05-27 21:43:07,483   INFO  **********************Start training kitti_models/HOS(default)**********************
epochs:   0%|          | 0/100 [00:00<?, ?it/s]epochs:   0%|          | 0/100 [00:00<?, ?it/s]epochs:   0%|          | 0/100 [00:00<?, ?it/s]epochs:   0%|          | 0/100 [00:00<?, ?it/s]epochs:   0%|          | 0/100 [00:00<?, ?it/s]epochs:   0%|          | 0/100 [00:00<?, ?it/s]epochs:   0%|          | 0/100 [00:00<?, ?it/s]epochs:   0%|          | 0/100 [00:00<?, ?it/s]                                               Traceback (most recent call last):
  File "train.py", line 196, in <module>
    main()
  File "train.py", line 168, in main
    merge_all_iters_to_one_epoch=args.merge_all_iters_to_one_epoch
  File "/data2/mtang/project/OpenPCDet/tools/train_utils/train_utils.py", line 96, in train_model
    dataloader_iter=dataloader_iter
  File "/data2/mtang/project/OpenPCDet/tools/train_utils/train_utils.py", line 12, in train_one_epoch
    dataloader_iter = iter(train_loader)
  File "/data2/mtang/anaconda3/envs/pytorch/lib/python3.6/site-packages/torch/utils/data/dataloader.py", line 193, in __iter__
    return _DataLoaderIter(self)
  File "/data2/mtang/anaconda3/envs/pytorch/lib/python3.6/site-packages/torch/utils/data/dataloader.py", line 469, in __init__
    w.start()
  File "/data2/mtang/anaconda3/envs/pytorch/lib/python3.6/multiprocessing/process.py", line 105, in start
    self._popen = self._Popen(self)
  File "/data2/mtang/anaconda3/envs/pytorch/lib/python3.6/multiprocessing/context.py", line 223, in _Popen
    return _default_context.get_context().Process._Popen(process_obj)
  File "/data2/mtang/anaconda3/envs/pytorch/lib/python3.6/multiprocessing/context.py", line 284, in _Popen
    return Popen(process_obj)
  File "/data2/mtang/anaconda3/envs/pytorch/lib/python3.6/multiprocessing/popen_spawn_posix.py", line 32, in __init__
    super().__init__(process_obj)
  File "/data2/mtang/anaconda3/envs/pytorch/lib/python3.6/multiprocessing/popen_fork.py", line 19, in __init__
    self._launch(process_obj)
  File "/data2/mtang/anaconda3/envs/pytorch/lib/python3.6/multiprocessing/popen_spawn_posix.py", line 47, in _launch
    reduction.dump(process_obj, fp)
  File "/data2/mtang/anaconda3/envs/pytorch/lib/python3.6/multiprocessing/reduction.py", line 60, in dump
    ForkingPickler(file, protocol).dump(obj)
MemoryError

train:   0%|          | 0/232 [00:00<?, ?it/s][A/data2/mtang/anaconda3/envs/pytorch/lib/python3.6/multiprocessing/semaphore_tracker.py:143: UserWarning: semaphore_tracker: There appear to be 68 leaked semaphores to clean up at shutdown
  len(cache))
Traceback (most recent call last):
  File "/data2/mtang/anaconda3/envs/pytorch/lib/python3.6/runpy.py", line 193, in _run_module_as_main
    "__main__", mod_spec)
  File "/data2/mtang/anaconda3/envs/pytorch/lib/python3.6/runpy.py", line 85, in _run_code
    exec(code, run_globals)
  File "/data2/mtang/anaconda3/envs/pytorch/lib/python3.6/site-packages/torch/distributed/launch.py", line 235, in <module>
    main()
  File "/data2/mtang/anaconda3/envs/pytorch/lib/python3.6/site-packages/torch/distributed/launch.py", line 231, in main
    cmd=process.args)
subprocess.CalledProcessError: Command '['/data2/mtang/anaconda3/envs/pytorch/bin/python', '-u', 'train.py', '--local_rank=0', '--launcher', 'pytorch', '--cfg_file', 'cfgs/kitti_models/HOS.yaml']' died with <Signals.SIGKILL: 9>.
/data2/mtang/anaconda3/envs/pytorch/lib/python3.6/multiprocessing/semaphore_tracker.py:143: UserWarning: semaphore_tracker: There appear to be 65 leaked semaphores to clean up at shutdown
  len(cache))
/data2/mtang/anaconda3/envs/pytorch/lib/python3.6/multiprocessing/semaphore_tracker.py:143: UserWarning: semaphore_tracker: There appear to be 65 leaked semaphores to clean up at shutdown
  len(cache))
/data2/mtang/anaconda3/envs/pytorch/lib/python3.6/multiprocessing/semaphore_tracker.py:143: UserWarning: semaphore_tracker: There appear to be 65 leaked semaphores to clean up at shutdown
  len(cache))
/data2/mtang/anaconda3/envs/pytorch/lib/python3.6/multiprocessing/semaphore_tracker.py:143: UserWarning: semaphore_tracker: There appear to be 65 leaked semaphores to clean up at shutdown
  len(cache))
/data2/mtang/anaconda3/envs/pytorch/lib/python3.6/multiprocessing/semaphore_tracker.py:143: UserWarning: semaphore_tracker: There appear to be 65 leaked semaphores to clean up at shutdown
  len(cache))
/data2/mtang/anaconda3/envs/pytorch/lib/python3.6/multiprocessing/semaphore_tracker.py:143: UserWarning: semaphore_tracker: There appear to be 65 leaked semaphores to clean up at shutdown
  len(cache))
